<?xml version="1.0" encoding="UTF-8"?>
<!-- Generated by org.testng.reporters.JUnitReportReporter -->
<testsuite skipped="0" hostname="LAPTOP-9FU86JGL" name="com.test.api.AppTest" tests="2" failures="0" timestamp="18 Aug 2019 21:43:55 GMT" time="3.347" errors="0">
  <testcase name="validateTotalStatesTest" time="0.434" classname="com.test.api.AppTest"/>
  <testcase name="getStatesTest" time="2.913" classname="com.test.api.AppTest"/>
</testsuite> <!-- com.test.api.AppTest -->
